Arguments: 
  D:\Program Files\nodejs\node.exe D:\Program Files (x86)\Yarn\bin\yarn.js install

PATH: 
  C:\Users\Administrator\bin;D:\Git\mingw64\bin;D:\Git\usr\local\bin;D:\Git\usr\bin;D:\Git\usr\bin;D:\Git\mingw64\bin;D:\Git\usr\bin;C:\Users\Administrator\bin;C:\Program Files (x86)\Common Files\NetSarang;D:\JDK8\bin;C:\windows\system32;C:\windows;C:\windows\System32\Wbem;C:\windows\System32\WindowsPowerShell\v1.0\ystem32\WindowsPowerShell\v1.0;C:\Program Files (x86)\apache-tomcat-7.0.72\bin;C:\Program Files (x86)\apache-tomcat-7.0.72\lib;D:\Users\Administrator\AppData\Local\Android\sdk\tools;D:\Users\Administrator\AppData\Local\Android\sdk\platform-tools;D:\Program Files\Apache\maven\bin;D:\Program Files\MATLAB\R2017a\runtime\win64;D:\Program Files\MATLAB\R2017a\bin;D:\Program Files\Microsoft VS Code\bin;D:\Git\cmd;D:\Program Files (x86)\Yarn\bin;D:\Program Files\nodejs;D:\Users\Administrator\AppData\Local\Android\sdk\tools;D:\Users\Administrator\AppData\Local\Android\sdk\platform-tools;D:\Program Files\Microsoft VS Code\bin;C:\Users\Administrator\AppData\Local\Yarn\bin;D:\Program Files\JetBrains\IntelliJ IDEA 2019.2.2\bin;C:\Users\Administrator\AppData\Roaming\npm;D:\Git\usr\bin\vendor_perl;D:\Git\usr\bin\core_perl

Yarn version: 
  1.17.3

Node version: 
  12.10.0

Platform: 
  win32 x64

Trace: 
  Error: ENOENT: no such file or directory, copyfile 'C:\Users\Administrator\AppData\Local\Yarn\Cache\v4\npm-isarray-1.0.0-bb935d48582cba168c06834957a54a3e07124f11\node_modules\isarray\.travis.yml' -> 'D:\code\nodeAfter\node_modules\concat-stream\node_modules\isarray\.travis.yml'

npm manifest: 
  {
    "name": "nodeafter",
    "version": "0.0.0",
    "private": true,
    "scripts": {
      "start": "node ./bin/www"
    },
    "dependencies": {
      "cookie-parser": "~1.4.4",
      "debug": "~2.6.9",
      "express": "~4.16.1",
      "http-errors": "~1.6.3",
      "jade": "~1.11.0",
      "jsonwebtoken": "^8.5.1",
      "morgan": "~1.9.1",
      "multer": "^1.4.2",
      "mysql": "^2.17.1"
    }
  }

yarn manifest: 
  No manifest

Lockfile: 
  No lockfile
